<?xml version="1.0" encoding="UTF-8"?>
<coverage generated="1685831842151" clover="3.2.0">
  <project timestamp="1685831842151" name="All files">
    <metrics statements="30" coveredstatements="20" conditionals="8" coveredconditionals="3" methods="10" coveredmethods="6" elements="48" coveredelements="29" complexity="0" loc="30" ncloc="30" packages="1" files="3" classes="3"/>
    <file name="auth.handler.ts" path="/home/victor/Escritorio/barber_management_backend/src/middlewares/auth.handler.ts">
      <metrics statements="13" coveredstatements="8" conditionals="5" coveredconditionals="2" methods="5" coveredmethods="2"/>
      <line num="1" count="2" type="stmt"/>
      <line num="4" count="2" type="stmt"/>
      <line num="7" count="4" type="stmt"/>
      <line num="8" count="4" type="stmt"/>
      <line num="10" count="4" type="cond" truecount="2" falsecount="0"/>
      <line num="11" count="2" type="stmt"/>
      <line num="13" count="2" type="stmt"/>
      <line num="23" count="0" type="stmt"/>
      <line num="24" count="0" type="stmt"/>
      <line num="28" count="0" type="cond" truecount="0" falsecount="3"/>
      <line num="29" count="0" type="stmt"/>
      <line num="31" count="0" type="stmt"/>
      <line num="37" count="2" type="stmt"/>
    </file>
    <file name="error.handler.ts" path="/home/victor/Escritorio/barber_management_backend/src/middlewares/error.handler.ts">
      <metrics statements="8" coveredstatements="4" conditionals="1" coveredconditionals="0" methods="3" coveredmethods="2"/>
      <line num="10" count="1" type="stmt"/>
      <line num="11" count="1" type="stmt"/>
      <line num="20" count="1" type="stmt"/>
      <line num="33" count="0" type="cond" truecount="0" falsecount="1"/>
      <line num="34" count="0" type="stmt"/>
      <line num="35" count="0" type="stmt"/>
      <line num="38" count="0" type="stmt"/>
      <line num="41" count="1" type="stmt"/>
    </file>
    <file name="validator.handler.ts" path="/home/victor/Escritorio/barber_management_backend/src/middlewares/validator.handler.ts">
      <metrics statements="9" coveredstatements="8" conditionals="2" coveredconditionals="1" methods="2" coveredmethods="2"/>
      <line num="1" count="1" type="stmt"/>
      <line num="5" count="2" type="stmt"/>
      <line num="6" count="2" type="stmt"/>
      <line num="7" count="2" type="stmt"/>
      <line num="9" count="2" type="cond" truecount="1" falsecount="1"/>
      <line num="10" count="0" type="stmt"/>
      <line num="12" count="2" type="stmt"/>
      <line num="13" count="2" type="stmt"/>
      <line num="18" count="1" type="stmt"/>
    </file>
  </project>
</coverage>
