{"/home/victor/Escritorio/barber_management_backend/src/constants.ts": {"path":"/home/victor/Escritorio/barber_management_backend/src/constants.ts","statementMap":{"0":{"start":{"line":1,"column":13},"end":{"line":1,"column":null}}},"fnMap":{},"branchMap":{},"s":{"0":3},"f":{},"b":{}}
,"/home/victor/Escritorio/barber_management_backend/src/server.ts": {"path":"/home/victor/Escritorio/barber_management_backend/src/server.ts","statementMap":{"0":{"start":{"line":1,"column":0},"end":{"line":1,"column":40}},"1":{"start":{"line":2,"column":0},"end":{"line":2,"column":23}},"2":{"start":{"line":3,"column":0},"end":{"line":3,"column":39}},"3":{"start":{"line":4,"column":0},"end":{"line":4,"column":27}},"4":{"start":{"line":6,"column":0},"end":{"line":6,"column":38}},"5":{"start":{"line":7,"column":0},"end":{"line":7,"column":null}},"6":{"start":{"line":12,"column":0},"end":{"line":12,"column":32}},"7":{"start":{"line":14,"column":0},"end":{"line":14,"column":15}},"8":{"start":{"line":16,"column":12},"end":{"line":16,"column":21}},"9":{"start":{"line":18,"column":18},"end":{"line":18,"column":60}},"10":{"start":{"line":20,"column":16},"end":{"line":40,"column":null}},"11":{"start":{"line":23,"column":2},"end":{"line":26,"column":null}},"12":{"start":{"line":24,"column":3},"end":{"line":24,"column":null}},"13":{"start":{"line":25,"column":3},"end":{"line":25,"column":9}},"14":{"start":{"line":28,"column":2},"end":{"line":29,"column":null}},"15":{"start":{"line":29,"column":3},"end":{"line":29,"column":null}},"16":{"start":{"line":31,"column":18},"end":{"line":31,"column":69}},"17":{"start":{"line":31,"column":45},"end":{"line":31,"column":68}},"18":{"start":{"line":33,"column":2},"end":{"line":37,"column":null}},"19":{"start":{"line":34,"column":3},"end":{"line":34,"column":null}},"20":{"start":{"line":36,"column":3},"end":{"line":36,"column":null}},"21":{"start":{"line":43,"column":0},"end":{"line":43,"column":null}},"22":{"start":{"line":44,"column":0},"end":{"line":44,"column":null}},"23":{"start":{"line":45,"column":0},"end":{"line":45,"column":null}},"24":{"start":{"line":46,"column":0},"end":{"line":46,"column":null}},"25":{"start":{"line":47,"column":0},"end":{"line":47,"column":null}},"26":{"start":{"line":49,"column":0},"end":{"line":51,"column":null}},"27":{"start":{"line":50,"column":1},"end":{"line":50,"column":null}},"28":{"start":{"line":53,"column":0},"end":{"line":53,"column":null}},"29":{"start":{"line":55,"column":0},"end":{"line":55,"column":null}},"30":{"start":{"line":56,"column":0},"end":{"line":56,"column":null}},"31":{"start":{"line":57,"column":0},"end":{"line":57,"column":null}},"32":{"start":{"line":59,"column":0},"end":{"line":59,"column":null}}},"fnMap":{"0":{"name":"(anonymous_7)","decl":{"start":{"line":21,"column":9},"end":{"line":21,"column":10}},"loc":{"start":{"line":21,"column":40},"end":{"line":38,"column":2}}},"1":{"name":"(anonymous_8)","decl":{"start":{"line":31,"column":33},"end":{"line":31,"column":34}},"loc":{"start":{"line":31,"column":45},"end":{"line":31,"column":68}}},"2":{"name":"(anonymous_9)","decl":{"start":{"line":49,"column":13},"end":{"line":49,"column":14}},"loc":{"start":{"line":49,"column":27},"end":{"line":51,"column":1}}}},"branchMap":{"0":{"loc":{"start":{"line":18,"column":18},"end":{"line":18,"column":60}},"type":"binary-expr","locations":[{"start":{"line":18,"column":18},"end":{"line":18,"column":54}},{"start":{"line":18,"column":58},"end":{"line":18,"column":60}}]},"1":{"loc":{"start":{"line":18,"column":18},"end":{"line":18,"column":54}},"type":"cond-expr","locations":[{"start":{"line":18,"column":42},"end":{"line":18,"column":44}},{"start":{"line":18,"column":42},"end":{"line":18,"column":54}}]},"2":{"loc":{"start":{"line":18,"column":18},"end":{"line":18,"column":44}},"type":"binary-expr","locations":[{"start":{"line":18,"column":18},"end":{"line":18,"column":44}},{"start":{"line":18,"column":42},"end":{"line":18,"column":44}}]},"3":{"loc":{"start":{"line":23,"column":2},"end":{"line":26,"column":null}},"type":"if","locations":[{"start":{"line":23,"column":2},"end":{"line":26,"column":null}}]},"4":{"loc":{"start":{"line":28,"column":2},"end":{"line":29,"column":null}},"type":"if","locations":[{"start":{"line":28,"column":2},"end":{"line":29,"column":null}}]},"5":{"loc":{"start":{"line":28,"column":6},"end":{"line":28,"column":57}},"type":"binary-expr","locations":[{"start":{"line":28,"column":6},"end":{"line":28,"column":28}},{"start":{"line":28,"column":32},"end":{"line":28,"column":57}}]},"6":{"loc":{"start":{"line":33,"column":2},"end":{"line":37,"column":null}},"type":"if","locations":[{"start":{"line":33,"column":2},"end":{"line":37,"column":null}},{"start":{"line":35,"column":9},"end":{"line":37,"column":null}}]},"7":{"loc":{"start":{"line":50,"column":35},"end":{"line":50,"column":74}},"type":"cond-expr","locations":[{"start":{"line":50,"column":46},"end":{"line":50,"column":58}},{"start":{"line":50,"column":61},"end":{"line":50,"column":74}}]}},"s":{"0":3,"1":3,"2":3,"3":3,"4":3,"5":3,"6":3,"7":3,"8":3,"9":3,"10":3,"11":3,"12":3,"13":3,"14":0,"15":0,"16":0,"17":0,"18":0,"19":0,"20":0,"21":3,"22":3,"23":3,"24":3,"25":3,"26":3,"27":2,"28":3,"29":3,"30":3,"31":3,"32":3},"f":{"0":3,"1":0,"2":2},"b":{"0":[3,3],"1":[3,0],"2":[3,3],"3":[3],"4":[0],"5":[0,0],"6":[0,0],"7":[0,2]}}
,"/home/victor/Escritorio/barber_management_backend/src/auth/index.ts": {"path":"/home/victor/Escritorio/barber_management_backend/src/auth/index.ts","statementMap":{"0":{"start":{"line":1,"column":0},"end":{"line":1,"column":31}},"1":{"start":{"line":3,"column":0},"end":{"line":3,"column":51}},"2":{"start":{"line":4,"column":0},"end":{"line":4,"column":55}},"3":{"start":{"line":6,"column":0},"end":{"line":6,"column":null}},"4":{"start":{"line":7,"column":0},"end":{"line":7,"column":null}}},"fnMap":{},"branchMap":{},"s":{"0":3,"1":3,"2":3,"3":3,"4":3},"f":{},"b":{}}
,"/home/victor/Escritorio/barber_management_backend/src/auth/strategies/jwt.strategy.ts": {"path":"/home/victor/Escritorio/barber_management_backend/src/auth/strategies/jwt.strategy.ts","statementMap":{"0":{"start":{"line":1,"column":0},"end":{"line":1,"column":66}},"1":{"start":{"line":3,"column":18},"end":{"line":3,"column":56}},"2":{"start":{"line":5,"column":16},"end":{"line":8,"column":null}},"3":{"start":{"line":10,"column":20},"end":{"line":16,"column":2}},"4":{"start":{"line":11,"column":1},"end":{"line":15,"column":null}},"5":{"start":{"line":12,"column":2},"end":{"line":12,"column":null}},"6":{"start":{"line":14,"column":2},"end":{"line":14,"column":null}},"7":{"start":{"line":18,"column":0},"end":{"line":18,"column":null}}},"fnMap":{"0":{"name":"(anonymous_0)","decl":{"start":{"line":10,"column":45},"end":{"line":10,"column":46}},"loc":{"start":{"line":10,"column":63},"end":{"line":16,"column":1}}}},"branchMap":{"0":{"loc":{"start":{"line":3,"column":18},"end":{"line":3,"column":56}},"type":"binary-expr","locations":[{"start":{"line":3,"column":18},"end":{"line":3,"column":44}},{"start":{"line":3,"column":48},"end":{"line":3,"column":56}}]}},"s":{"0":4,"1":4,"2":4,"3":4,"4":0,"5":0,"6":0,"7":4},"f":{"0":0},"b":{"0":[4,4]}}
,"/home/victor/Escritorio/barber_management_backend/src/auth/strategies/local.strategy.ts": {"path":"/home/victor/Escritorio/barber_management_backend/src/auth/strategies/local.strategy.ts","statementMap":{"0":{"start":{"line":1,"column":0},"end":{"line":1,"column":41}},"1":{"start":{"line":2,"column":0},"end":{"line":2,"column":32}},"2":{"start":{"line":3,"column":0},"end":{"line":3,"column":74}},"3":{"start":{"line":5,"column":0},"end":{"line":5,"column":54}},"4":{"start":{"line":7,"column":20},"end":{"line":7,"column":37}},"5":{"start":{"line":9,"column":22},"end":{"line":37,"column":null}},"6":{"start":{"line":22,"column":5},"end":{"line":37,"column":10}},"7":{"start":{"line":23,"column":2},"end":{"line":36,"column":null}},"8":{"start":{"line":24,"column":16},"end":{"line":24,"column":52}},"9":{"start":{"line":25,"column":3},"end":{"line":27,"column":null}},"10":{"start":{"line":26,"column":4},"end":{"line":26,"column":null}},"11":{"start":{"line":29,"column":19},"end":{"line":29,"column":57}},"12":{"start":{"line":31,"column":3},"end":{"line":31,"column":null}},"13":{"start":{"line":31,"column":17},"end":{"line":31,"column":null}},"14":{"start":{"line":33,"column":3},"end":{"line":33,"column":null}},"15":{"start":{"line":35,"column":3},"end":{"line":35,"column":null}},"16":{"start":{"line":40,"column":0},"end":{"line":40,"column":null}}},"fnMap":{"0":{"name":"(anonymous_8)","decl":{"start":{"line":14,"column":2},"end":{"line":14,"column":null}},"loc":{"start":{"line":22,"column":5},"end":{"line":37,"column":10}}},"1":{"name":"(anonymous_9)","decl":{"start":{"line":22,"column":5},"end":{"line":22,"column":null}},"loc":{"start":{"line":22,"column":5},"end":{"line":37,"column":2}}}},"branchMap":{"0":{"loc":{"start":{"line":25,"column":3},"end":{"line":27,"column":null}},"type":"if","locations":[{"start":{"line":25,"column":3},"end":{"line":27,"column":null}}]},"1":{"loc":{"start":{"line":31,"column":3},"end":{"line":31,"column":null}},"type":"if","locations":[{"start":{"line":31,"column":3},"end":{"line":31,"column":null}}]}},"s":{"0":4,"1":4,"2":4,"3":4,"4":4,"5":4,"6":0,"7":0,"8":0,"9":0,"10":0,"11":0,"12":0,"13":0,"14":0,"15":0,"16":4},"f":{"0":0,"1":0},"b":{"0":[0],"1":[0]}}
,"/home/victor/Escritorio/barber_management_backend/src/middlewares/auth.handler.ts": {"path":"/home/victor/Escritorio/barber_management_backend/src/middlewares/auth.handler.ts","statementMap":{"0":{"start":{"line":1,"column":0},"end":{"line":1,"column":38}},"1":{"start":{"line":6,"column":1},"end":{"line":18,"column":null}},"2":{"start":{"line":7,"column":15},"end":{"line":7,"column":31}},"3":{"start":{"line":9,"column":2},"end":{"line":17,"column":null}},"4":{"start":{"line":10,"column":3},"end":{"line":10,"column":null}},"5":{"start":{"line":12,"column":3},"end":{"line":16,"column":null}},"6":{"start":{"line":21,"column":9},"end":{"line":21,"column":23}}},"fnMap":{"0":{"name":"checkAdminRole","decl":{"start":{"line":5,"column":9},"end":{"line":5,"column":23}},"loc":{"start":{"line":5,"column":40},"end":{"line":19,"column":1}}},"1":{"name":"(anonymous_1)","decl":{"start":{"line":6,"column":8},"end":{"line":6,"column":9}},"loc":{"start":{"line":6,"column":61},"end":{"line":18,"column":2}}}},"branchMap":{"0":{"loc":{"start":{"line":9,"column":2},"end":{"line":17,"column":null}},"type":"if","locations":[{"start":{"line":9,"column":2},"end":{"line":17,"column":null}},{"start":{"line":11,"column":9},"end":{"line":17,"column":null}}]}},"s":{"0":7,"1":9,"2":4,"3":4,"4":2,"5":2,"6":7},"f":{"0":9,"1":4},"b":{"0":[2,2]}}
,"/home/victor/Escritorio/barber_management_backend/src/middlewares/error.handler.ts": {"path":"/home/victor/Escritorio/barber_management_backend/src/middlewares/error.handler.ts","statementMap":{"0":{"start":{"line":10,"column":1},"end":{"line":10,"column":null}},"1":{"start":{"line":11,"column":1},"end":{"line":11,"column":null}},"2":{"start":{"line":41,"column":9},"end":{"line":41,"column":18}},"3":{"start":{"line":20,"column":1},"end":{"line":24,"column":null}},"4":{"start":{"line":41,"column":20},"end":{"line":41,"column":32}},"5":{"start":{"line":33,"column":1},"end":{"line":36,"column":null}},"6":{"start":{"line":34,"column":21},"end":{"line":34,"column":24}},"7":{"start":{"line":35,"column":2},"end":{"line":35,"column":null}},"8":{"start":{"line":38,"column":1},"end":{"line":38,"column":null}},"9":{"start":{"line":41,"column":34},"end":{"line":41,"column":50}}},"fnMap":{"0":{"name":"logErrors","decl":{"start":{"line":4,"column":9},"end":{"line":4,"column":18}},"loc":{"start":{"line":8,"column":19},"end":{"line":12,"column":1}}},"1":{"name":"errorHandler","decl":{"start":{"line":14,"column":9},"end":{"line":14,"column":21}},"loc":{"start":{"line":18,"column":20},"end":{"line":25,"column":1}}},"2":{"name":"boomErrorHandler","decl":{"start":{"line":27,"column":9},"end":{"line":27,"column":25}},"loc":{"start":{"line":31,"column":19},"end":{"line":39,"column":1}}}},"branchMap":{"0":{"loc":{"start":{"line":33,"column":1},"end":{"line":36,"column":null}},"type":"if","locations":[{"start":{"line":33,"column":1},"end":{"line":36,"column":null}}]}},"s":{"0":1,"1":1,"2":4,"3":1,"4":4,"5":0,"6":0,"7":0,"8":0,"9":4},"f":{"0":1,"1":1,"2":0},"b":{"0":[0]}}
,"/home/victor/Escritorio/barber_management_backend/src/middlewares/validator.handler.ts": {"path":"/home/victor/Escritorio/barber_management_backend/src/middlewares/validator.handler.ts","statementMap":{"0":{"start":{"line":1,"column":0},"end":{"line":1,"column":39}},"1":{"start":{"line":5,"column":1},"end":{"line":15,"column":null}},"2":{"start":{"line":6,"column":16},"end":{"line":6,"column":29}},"3":{"start":{"line":7,"column":20},"end":{"line":7,"column":65}},"4":{"start":{"line":9,"column":2},"end":{"line":14,"column":null}},"5":{"start":{"line":10,"column":3},"end":{"line":10,"column":null}},"6":{"start":{"line":12,"column":3},"end":{"line":12,"column":null}},"7":{"start":{"line":13,"column":3},"end":{"line":13,"column":null}},"8":{"start":{"line":18,"column":0},"end":{"line":18,"column":null}}},"fnMap":{"0":{"name":"errorHandler","decl":{"start":{"line":4,"column":9},"end":{"line":4,"column":21}},"loc":{"start":{"line":4,"column":51},"end":{"line":16,"column":1}}},"1":{"name":"(anonymous_1)","decl":{"start":{"line":5,"column":8},"end":{"line":5,"column":9}},"loc":{"start":{"line":5,"column":57},"end":{"line":15,"column":2}}}},"branchMap":{"0":{"loc":{"start":{"line":9,"column":2},"end":{"line":14,"column":null}},"type":"if","locations":[{"start":{"line":9,"column":2},"end":{"line":14,"column":null}},{"start":{"line":11,"column":9},"end":{"line":14,"column":null}}]}},"s":{"0":6,"1":22,"2":2,"3":2,"4":2,"5":0,"6":2,"7":2,"8":6},"f":{"0":22,"1":2},"b":{"0":[0,2]}}
,"/home/victor/Escritorio/barber_management_backend/src/routes/auth.router.ts": {"path":"/home/victor/Escritorio/barber_management_backend/src/routes/auth.router.ts","statementMap":{"0":{"start":{"line":2,"column":0},"end":{"line":2,"column":32}},"1":{"start":{"line":3,"column":0},"end":{"line":3,"column":35}},"2":{"start":{"line":4,"column":0},"end":{"line":4,"column":31}},"3":{"start":{"line":6,"column":15},"end":{"line":6,"column":23}},"4":{"start":{"line":8,"column":18},"end":{"line":8,"column":56}},"5":{"start":{"line":10,"column":0},"end":{"line":35,"column":null}},"6":{"start":{"line":14,"column":2},"end":{"line":33,"column":null}},"7":{"start":{"line":15,"column":16},"end":{"line":15,"column":32}},"8":{"start":{"line":16,"column":22},"end":{"line":20,"column":null}},"9":{"start":{"line":21,"column":17},"end":{"line":21,"column":44}},"10":{"start":{"line":24,"column":48},"end":{"line":24,"column":52}},"11":{"start":{"line":24,"column":43},"end":{"line":24,"column":48}},"12":{"start":{"line":26,"column":3},"end":{"line":30,"column":null}},"13":{"start":{"line":32,"column":3},"end":{"line":32,"column":null}},"14":{"start":{"line":37,"column":0},"end":{"line":37,"column":null}}},"fnMap":{"0":{"name":"(anonymous_2)","decl":{"start":{"line":13,"column":1},"end":{"line":13,"column":2}},"loc":{"start":{"line":13,"column":20},"end":{"line":34,"column":2}}}},"branchMap":{"0":{"loc":{"start":{"line":8,"column":18},"end":{"line":8,"column":56}},"type":"binary-expr","locations":[{"start":{"line":8,"column":18},"end":{"line":8,"column":44}},{"start":{"line":8,"column":48},"end":{"line":8,"column":56}}]}},"s":{"0":5,"1":5,"2":5,"3":5,"4":5,"5":5,"6":0,"7":0,"8":0,"9":0,"10":0,"11":0,"12":0,"13":0,"14":5},"f":{"0":0},"b":{"0":[5,5]}}
,"/home/victor/Escritorio/barber_management_backend/src/routes/index.ts": {"path":"/home/victor/Escritorio/barber_management_backend/src/routes/index.ts","statementMap":{"0":{"start":{"line":1,"column":0},"end":{"line":1,"column":45}},"1":{"start":{"line":3,"column":0},"end":{"line":3,"column":32}},"2":{"start":{"line":4,"column":0},"end":{"line":4,"column":34}},"3":{"start":{"line":7,"column":16},"end":{"line":7,"column":24}},"4":{"start":{"line":8,"column":1},"end":{"line":8,"column":null}},"5":{"start":{"line":9,"column":1},"end":{"line":9,"column":null}},"6":{"start":{"line":10,"column":1},"end":{"line":10,"column":null}},"7":{"start":{"line":13,"column":0},"end":{"line":13,"column":null}}},"fnMap":{"0":{"name":"routerApi","decl":{"start":{"line":6,"column":9},"end":{"line":6,"column":18}},"loc":{"start":{"line":6,"column":35},"end":{"line":11,"column":1}}}},"branchMap":{},"s":{"0":4,"1":4,"2":4,"3":5,"4":5,"5":3,"6":3,"7":4},"f":{"0":5},"b":{}}
,"/home/victor/Escritorio/barber_management_backend/src/routes/users.router.ts": {"path":"/home/victor/Escritorio/barber_management_backend/src/routes/users.router.ts","statementMap":{"0":{"start":{"line":1,"column":0},"end":{"line":1,"column":37}},"1":{"start":{"line":2,"column":0},"end":{"line":2,"column":48}},"2":{"start":{"line":3,"column":0},"end":{"line":3,"column":31}},"3":{"start":{"line":5,"column":0},"end":{"line":5,"column":60}},"4":{"start":{"line":6,"column":0},"end":{"line":6,"column":64}},"5":{"start":{"line":7,"column":0},"end":{"line":7,"column":null}},"6":{"start":{"line":13,"column":0},"end":{"line":13,"column":52}},"7":{"start":{"line":15,"column":15},"end":{"line":15,"column":23}},"8":{"start":{"line":16,"column":20},"end":{"line":16,"column":38}},"9":{"start":{"line":18,"column":0},"end":{"line":47,"column":null}},"10":{"start":{"line":22,"column":27},"end":{"line":46,"column":21}},"11":{"start":{"line":23,"column":2},"end":{"line":45,"column":null}},"12":{"start":{"line":24,"column":17},"end":{"line":24,"column":19}},"13":{"start":{"line":25,"column":3},"end":{"line":36,"column":null}},"14":{"start":{"line":26,"column":23},"end":{"line":26,"column":40}},"15":{"start":{"line":27,"column":20},"end":{"line":27,"column":44}},"16":{"start":{"line":28,"column":20},"end":{"line":28,"column":44}},"17":{"start":{"line":29,"column":4},"end":{"line":35,"column":null}},"18":{"start":{"line":38,"column":17},"end":{"line":38,"column":52}},"19":{"start":{"line":39,"column":3},"end":{"line":42,"column":null}},"20":{"start":{"line":44,"column":3},"end":{"line":44,"column":null}},"21":{"start":{"line":49,"column":0},"end":{"line":62,"column":null}},"22":{"start":{"line":53,"column":27},"end":{"line":61,"column":21}},"23":{"start":{"line":54,"column":2},"end":{"line":60,"column":null}},"24":{"start":{"line":55,"column":18},"end":{"line":55,"column":28}},"25":{"start":{"line":56,"column":16},"end":{"line":56,"column":45}},"26":{"start":{"line":57,"column":3},"end":{"line":57,"column":null}},"27":{"start":{"line":59,"column":3},"end":{"line":59,"column":null}},"28":{"start":{"line":64,"column":0},"end":{"line":79,"column":null}},"29":{"start":{"line":68,"column":4},"end":{"line":79,"column":20}},"30":{"start":{"line":69,"column":1},"end":{"line":78,"column":null}},"31":{"start":{"line":70,"column":19},"end":{"line":70,"column":22}},"32":{"start":{"line":71,"column":15},"end":{"line":71,"column":45}},"33":{"start":{"line":72,"column":2},"end":{"line":75,"column":null}},"34":{"start":{"line":77,"column":2},"end":{"line":77,"column":null}},"35":{"start":{"line":81,"column":0},"end":{"line":99,"column":null}},"36":{"start":{"line":85,"column":27},"end":{"line":98,"column":21}},"37":{"start":{"line":86,"column":2},"end":{"line":97,"column":null}},"38":{"start":{"line":87,"column":18},"end":{"line":87,"column":28}},"39":{"start":{"line":88,"column":20},"end":{"line":88,"column":23}},"40":{"start":{"line":90,"column":16},"end":{"line":90,"column":50}},"41":{"start":{"line":91,"column":3},"end":{"line":94,"column":null}},"42":{"start":{"line":96,"column":3},"end":{"line":96,"column":null}},"43":{"start":{"line":101,"column":0},"end":{"line":117,"column":null}},"44":{"start":{"line":105,"column":27},"end":{"line":116,"column":21}},"45":{"start":{"line":106,"column":2},"end":{"line":115,"column":null}},"46":{"start":{"line":107,"column":18},"end":{"line":107,"column":28}},"47":{"start":{"line":108,"column":16},"end":{"line":108,"column":44}},"48":{"start":{"line":109,"column":3},"end":{"line":112,"column":null}},"49":{"start":{"line":114,"column":3},"end":{"line":114,"column":null}},"50":{"start":{"line":119,"column":0},"end":{"line":119,"column":null}}},"fnMap":{"0":{"name":"(anonymous_8)","decl":{"start":{"line":22,"column":2},"end":{"line":22,"column":9}},"loc":{"start":{"line":22,"column":27},"end":{"line":46,"column":21}}},"1":{"name":"(anonymous_9)","decl":{"start":{"line":22,"column":27},"end":{"line":22,"column":null}},"loc":{"start":{"line":22,"column":27},"end":{"line":46,"column":2}}},"2":{"name":"(anonymous_10)","decl":{"start":{"line":53,"column":2},"end":{"line":53,"column":9}},"loc":{"start":{"line":53,"column":27},"end":{"line":61,"column":21}}},"3":{"name":"(anonymous_11)","decl":{"start":{"line":53,"column":27},"end":{"line":53,"column":null}},"loc":{"start":{"line":53,"column":27},"end":{"line":61,"column":2}}},"4":{"name":"(anonymous_12)","decl":{"start":{"line":64,"column":63},"end":{"line":64,"column":null}},"loc":{"start":{"line":68,"column":4},"end":{"line":79,"column":20}}},"5":{"name":"(anonymous_13)","decl":{"start":{"line":68,"column":4},"end":{"line":68,"column":null}},"loc":{"start":{"line":68,"column":4},"end":{"line":79,"column":1}}},"6":{"name":"(anonymous_14)","decl":{"start":{"line":85,"column":2},"end":{"line":85,"column":9}},"loc":{"start":{"line":85,"column":27},"end":{"line":98,"column":21}}},"7":{"name":"(anonymous_15)","decl":{"start":{"line":85,"column":27},"end":{"line":85,"column":null}},"loc":{"start":{"line":85,"column":27},"end":{"line":98,"column":2}}},"8":{"name":"(anonymous_16)","decl":{"start":{"line":105,"column":2},"end":{"line":105,"column":9}},"loc":{"start":{"line":105,"column":27},"end":{"line":116,"column":21}}},"9":{"name":"(anonymous_17)","decl":{"start":{"line":105,"column":27},"end":{"line":105,"column":null}},"loc":{"start":{"line":105,"column":27},"end":{"line":116,"column":2}}}},"branchMap":{"0":{"loc":{"start":{"line":25,"column":3},"end":{"line":36,"column":null}},"type":"if","locations":[{"start":{"line":25,"column":3},"end":{"line":36,"column":null}}]},"1":{"loc":{"start":{"line":30,"column":11},"end":{"line":30,"column":33}},"type":"binary-expr","locations":[{"start":{"line":30,"column":11},"end":{"line":30,"column":28}},{"start":{"line":30,"column":32},"end":{"line":30,"column":33}}]},"2":{"loc":{"start":{"line":31,"column":11},"end":{"line":31,"column":34}},"type":"binary-expr","locations":[{"start":{"line":31,"column":11},"end":{"line":31,"column":28}},{"start":{"line":31,"column":32},"end":{"line":31,"column":34}}]},"3":{"loc":{"start":{"line":33,"column":10},"end":{"line":33,"column":35}},"type":"cond-expr","locations":[{"start":{"line":33,"column":10},"end":{"line":33,"column":20}},{"start":{"line":33,"column":24},"end":{"line":33,"column":35}}]},"4":{"loc":{"start":{"line":33,"column":10},"end":{"line":33,"column":24}},"type":"binary-expr","locations":[{"start":{"line":33,"column":10},"end":{"line":33,"column":24}},{"start":{"line":33,"column":10},"end":{"line":33,"column":24}}]},"5":{"loc":{"start":{"line":33,"column":40},"end":{"line":33,"column":73}},"type":"cond-expr","locations":[{"start":{"line":33,"column":64},"end":{"line":33,"column":68}},{"start":{"line":33,"column":68},"end":{"line":33,"column":73}}]},"6":{"loc":{"start":{"line":33,"column":40},"end":{"line":33,"column":68}},"type":"binary-expr","locations":[{"start":{"line":33,"column":40},"end":{"line":33,"column":68}},{"start":{"line":33,"column":64},"end":{"line":33,"column":68}}]}},"s":{"0":5,"1":5,"2":5,"3":5,"4":5,"5":5,"6":5,"7":5,"8":5,"9":5,"10":0,"11":0,"12":0,"13":0,"14":0,"15":0,"16":0,"17":0,"18":0,"19":0,"20":0,"21":5,"22":0,"23":0,"24":0,"25":0,"26":0,"27":0,"28":5,"29":0,"30":0,"31":0,"32":0,"33":0,"34":0,"35":5,"36":0,"37":0,"38":0,"39":0,"40":0,"41":0,"42":0,"43":5,"44":0,"45":0,"46":0,"47":0,"48":0,"49":0,"50":5},"f":{"0":0,"1":0,"2":0,"3":0,"4":0,"5":0,"6":0,"7":0,"8":0,"9":0},"b":{"0":[0],"1":[0,0],"2":[0,0],"3":[0,0],"4":[0,0],"5":[0,0],"6":[0,0]}}
,"/home/victor/Escritorio/barber_management_backend/src/schemas/user.schema.ts": {"path":"/home/victor/Escritorio/barber_management_backend/src/schemas/user.schema.ts","statementMap":{"0":{"start":{"line":3,"column":0},"end":{"line":3,"column":21}},"1":{"start":{"line":5,"column":11},"end":{"line":5,"column":30}},"2":{"start":{"line":6,"column":13},"end":{"line":6,"column":40}},"3":{"start":{"line":7,"column":23},"end":{"line":7,"column":50}},"4":{"start":{"line":8,"column":14},"end":{"line":8,"column":41}},"5":{"start":{"line":9,"column":18},"end":{"line":9,"column":34}},"6":{"start":{"line":10,"column":15},"end":{"line":10,"column":36}},"7":{"start":{"line":11,"column":14},"end":{"line":11,"column":34}},"8":{"start":{"line":12,"column":13},"end":{"line":12,"column":62}},"9":{"start":{"line":13,"column":14},"end":{"line":13,"column":54}},"10":{"start":{"line":14,"column":17},"end":{"line":14,"column":44}},"11":{"start":{"line":16,"column":25},"end":{"line":26,"column":2}},"12":{"start":{"line":54,"column":9},"end":{"line":54,"column":25}},"13":{"start":{"line":28,"column":25},"end":{"line":38,"column":2}},"14":{"start":{"line":54,"column":27},"end":{"line":54,"column":43}},"15":{"start":{"line":40,"column":22},"end":{"line":42,"column":2}},"16":{"start":{"line":54,"column":45},"end":{"line":54,"column":58}},"17":{"start":{"line":44,"column":13},"end":{"line":44,"column":35}},"18":{"start":{"line":45,"column":13},"end":{"line":45,"column":35}},"19":{"start":{"line":46,"column":16},"end":{"line":46,"column":60}},"20":{"start":{"line":48,"column":24},"end":{"line":52,"column":2}},"21":{"start":{"line":54,"column":60},"end":{"line":54,"column":75}}},"fnMap":{},"branchMap":{},"s":{"0":5,"1":5,"2":5,"3":5,"4":5,"5":5,"6":5,"7":5,"8":5,"9":5,"10":5,"11":5,"12":5,"13":5,"14":5,"15":5,"16":5,"17":5,"18":5,"19":5,"20":5,"21":5},"f":{},"b":{}}
,"/home/victor/Escritorio/barber_management_backend/src/services/users.service.ts": {"path":"/home/victor/Escritorio/barber_management_backend/src/services/users.service.ts","statementMap":{"0":{"start":{"line":1,"column":0},"end":{"line":1,"column":37}},"1":{"start":{"line":2,"column":0},"end":{"line":2,"column":51}},"2":{"start":{"line":3,"column":0},"end":{"line":3,"column":29}},"3":{"start":{"line":17,"column":2},"end":{"line":17,"column":null}},"4":{"start":{"line":21,"column":2},"end":{"line":21,"column":null}},"5":{"start":{"line":25,"column":15},"end":{"line":27,"column":4}},"6":{"start":{"line":28,"column":2},"end":{"line":28,"column":null}},"7":{"start":{"line":28,"column":13},"end":{"line":28,"column":null}},"8":{"start":{"line":31,"column":47},"end":{"line":31,"column":51}},"9":{"start":{"line":31,"column":42},"end":{"line":31,"column":47}},"10":{"start":{"line":33,"column":2},"end":{"line":33,"column":null}},"11":{"start":{"line":37,"column":15},"end":{"line":39,"column":4}},"12":{"start":{"line":41,"column":2},"end":{"line":41,"column":null}},"13":{"start":{"line":45,"column":25},"end":{"line":45,"column":54}},"14":{"start":{"line":46,"column":20},"end":{"line":46,"column":58}},"15":{"start":{"line":47,"column":18},"end":{"line":49,"column":4}},"16":{"start":{"line":52,"column":50},"end":{"line":52,"column":57}},"17":{"start":{"line":52,"column":45},"end":{"line":52,"column":50}},"18":{"start":{"line":54,"column":2},"end":{"line":54,"column":null}},"19":{"start":{"line":58,"column":2},"end":{"line":61,"column":null}},"20":{"start":{"line":65,"column":2},"end":{"line":67,"column":null}},"21":{"start":{"line":13,"column":0},"end":{"line":13,"column":21}}},"fnMap":{"0":{"name":"(anonymous_8)","decl":{"start":{"line":16,"column":1},"end":{"line":16,"column":null}},"loc":{"start":{"line":16,"column":1},"end":{"line":18,"column":2}}},"1":{"name":"(anonymous_9)","decl":{"start":{"line":20,"column":7},"end":{"line":20,"column":15}},"loc":{"start":{"line":20,"column":32},"end":{"line":22,"column":null}}},"2":{"name":"(anonymous_11)","decl":{"start":{"line":24,"column":7},"end":{"line":24,"column":14}},"loc":{"start":{"line":24,"column":25},"end":{"line":34,"column":null}}},"3":{"name":"(anonymous_13)","decl":{"start":{"line":36,"column":7},"end":{"line":36,"column":18}},"loc":{"start":{"line":36,"column":32},"end":{"line":42,"column":null}}},"4":{"name":"(anonymous_15)","decl":{"start":{"line":44,"column":7},"end":{"line":44,"column":13}},"loc":{"start":{"line":44,"column":24},"end":{"line":55,"column":null}}},"5":{"name":"(anonymous_17)","decl":{"start":{"line":57,"column":7},"end":{"line":57,"column":13}},"loc":{"start":{"line":57,"column":36},"end":{"line":62,"column":null}}},"6":{"name":"(anonymous_19)","decl":{"start":{"line":64,"column":7},"end":{"line":64,"column":13}},"loc":{"start":{"line":64,"column":24},"end":{"line":68,"column":null}}}},"branchMap":{"0":{"loc":{"start":{"line":28,"column":2},"end":{"line":28,"column":null}},"type":"if","locations":[{"start":{"line":28,"column":2},"end":{"line":28,"column":null}}]}},"s":{"0":6,"1":6,"2":6,"3":8,"4":0,"5":0,"6":0,"7":0,"8":0,"9":0,"10":0,"11":0,"12":0,"13":0,"14":0,"15":0,"16":0,"17":0,"18":0,"19":0,"20":0,"21":6},"f":{"0":8,"1":0,"2":0,"3":0,"4":0,"5":0,"6":0},"b":{"0":[0]}}
}
