TN:
SF:src/constants.ts
FNF:0
FNH:0
DA:1,3
LF:1
LH:1
BRF:0
BRH:0
end_of_record
TN:
SF:src/server.ts
FN:21,(anonymous_7)
FN:31,(anonymous_8)
FN:49,(anonymous_9)
FNF:3
FNH:2
FNDA:5,(anonymous_7)
FNDA:0,(anonymous_8)
FNDA:2,(anonymous_9)
DA:1,3
DA:2,3
DA:3,3
DA:4,3
DA:6,3
DA:7,3
DA:12,3
DA:14,3
DA:16,3
DA:18,3
DA:20,3
DA:23,5
DA:24,5
DA:25,5
DA:28,0
DA:29,0
DA:31,0
DA:33,0
DA:34,0
DA:36,0
DA:43,3
DA:44,3
DA:45,3
DA:46,3
DA:47,3
DA:49,3
DA:50,2
DA:53,3
DA:55,3
DA:56,3
DA:57,3
DA:59,3
LF:32
LH:26
BRDA:18,0,0,3
BRDA:18,0,1,3
BRDA:18,1,0,3
BRDA:18,1,1,0
BRDA:18,2,0,3
BRDA:18,2,1,3
BRDA:23,3,0,5
BRDA:28,4,0,0
BRDA:28,5,0,0
BRDA:28,5,1,0
BRDA:33,6,0,0
BRDA:33,6,1,0
BRDA:50,7,0,0
BRDA:50,7,1,2
BRF:14
BRH:7
end_of_record
TN:
SF:src/auth/index.ts
FNF:0
FNH:0
DA:1,3
DA:3,3
DA:4,3
DA:6,3
DA:7,3
LF:5
LH:5
BRF:0
BRH:0
end_of_record
TN:
SF:src/auth/strategies/jwt.strategy.ts
FN:10,(anonymous_0)
FNF:1
FNH:0
FNDA:0,(anonymous_0)
DA:1,4
DA:3,4
DA:5,4
DA:10,4
DA:11,0
DA:12,0
DA:14,0
DA:18,4
LF:8
LH:5
BRDA:3,0,0,4
BRDA:3,0,1,4
BRF:2
BRH:2
end_of_record
TN:
SF:src/auth/strategies/local.strategy.ts
FN:14,(anonymous_8)
FN:22,(anonymous_9)
FNF:2
FNH:0
FNDA:0,(anonymous_8)
FNDA:0,(anonymous_9)
DA:1,4
DA:2,4
DA:3,4
DA:5,4
DA:7,4
DA:9,4
DA:22,0
DA:23,0
DA:24,0
DA:25,0
DA:26,0
DA:29,0
DA:31,0
DA:33,0
DA:35,0
DA:40,4
LF:16
LH:7
BRDA:25,0,0,0
BRDA:31,1,0,0
BRF:2
BRH:0
end_of_record
TN:
SF:src/middlewares/auth.handler.ts
FN:5,checkAdminRole
FN:6,(anonymous_1)
FNF:2
FNH:2
FNDA:9,checkAdminRole
FNDA:4,(anonymous_1)
DA:1,7
DA:6,9
DA:7,4
DA:9,4
DA:10,2
DA:12,2
DA:21,7
LF:7
LH:7
BRDA:9,0,0,2
BRDA:9,0,1,2
BRF:2
BRH:2
end_of_record
TN:
SF:src/middlewares/error.handler.ts
FN:4,logErrors
FN:14,errorHandler
FN:27,boomErrorHandler
FNF:3
FNH:2
FNDA:1,logErrors
FNDA:1,errorHandler
FNDA:0,boomErrorHandler
DA:10,1
DA:11,1
DA:20,1
DA:33,0
DA:34,0
DA:35,0
DA:38,0
DA:41,4
LF:8
LH:4
BRDA:33,0,0,0
BRF:1
BRH:0
end_of_record
TN:
SF:src/middlewares/validator.handler.ts
FN:4,errorHandler
FN:5,(anonymous_1)
FNF:2
FNH:2
FNDA:22,errorHandler
FNDA:2,(anonymous_1)
DA:1,6
DA:5,22
DA:6,2
DA:7,2
DA:9,2
DA:10,0
DA:12,2
DA:13,2
DA:18,6
LF:9
LH:8
BRDA:9,0,0,0
BRDA:9,0,1,2
BRF:2
BRH:1
end_of_record
TN:
SF:src/routes/auth.router.ts
FN:13,(anonymous_2)
FNF:1
FNH:0
FNDA:0,(anonymous_2)
DA:2,5
DA:3,5
DA:4,5
DA:6,5
DA:8,5
DA:10,5
DA:14,0
DA:15,0
DA:16,0
DA:21,0
DA:24,0
DA:26,0
DA:32,0
DA:37,5
LF:14
LH:7
BRDA:8,0,0,5
BRDA:8,0,1,5
BRF:2
BRH:2
end_of_record
TN:
SF:src/routes/index.ts
FN:6,routerApi
FNF:1
FNH:1
FNDA:5,routerApi
DA:1,4
DA:3,4
DA:4,4
DA:7,5
DA:8,5
DA:9,3
DA:10,3
DA:13,4
LF:8
LH:8
BRF:0
BRH:0
end_of_record
TN:
SF:src/routes/users.router.ts
FN:22,(anonymous_8)
FN:22,(anonymous_9)
FN:53,(anonymous_10)
FN:53,(anonymous_11)
FN:64,(anonymous_12)
FN:68,(anonymous_13)
FN:85,(anonymous_14)
FN:85,(anonymous_15)
FN:105,(anonymous_16)
FN:105,(anonymous_17)
FNF:10
FNH:0
FNDA:0,(anonymous_8)
FNDA:0,(anonymous_9)
FNDA:0,(anonymous_10)
FNDA:0,(anonymous_11)
FNDA:0,(anonymous_12)
FNDA:0,(anonymous_13)
FNDA:0,(anonymous_14)
FNDA:0,(anonymous_15)
FNDA:0,(anonymous_16)
FNDA:0,(anonymous_17)
DA:1,5
DA:2,5
DA:3,5
DA:5,5
DA:6,5
DA:7,5
DA:13,5
DA:15,5
DA:16,5
DA:18,5
DA:22,0
DA:23,0
DA:24,0
DA:25,0
DA:26,0
DA:27,0
DA:28,0
DA:29,0
DA:38,0
DA:39,0
DA:44,0
DA:49,5
DA:53,0
DA:54,0
DA:55,0
DA:56,0
DA:57,0
DA:59,0
DA:64,5
DA:68,0
DA:69,0
DA:70,0
DA:71,0
DA:72,0
DA:77,0
DA:81,5
DA:85,0
DA:86,0
DA:87,0
DA:88,0
DA:90,0
DA:91,0
DA:96,0
DA:101,5
DA:105,0
DA:106,0
DA:107,0
DA:108,0
DA:109,0
DA:114,0
DA:119,5
LF:51
LH:15
BRDA:25,0,0,0
BRDA:30,1,0,0
BRDA:30,1,1,0
BRDA:31,2,0,0
BRDA:31,2,1,0
BRDA:33,3,0,0
BRDA:33,3,1,0
BRDA:33,4,0,0
BRDA:33,4,1,0
BRDA:33,5,0,0
BRDA:33,5,1,0
BRDA:33,6,0,0
BRDA:33,6,1,0
BRF:13
BRH:0
end_of_record
TN:
SF:src/schemas/user.schema.ts
FNF:0
FNH:0
DA:3,5
DA:5,5
DA:6,5
DA:7,5
DA:8,5
DA:9,5
DA:10,5
DA:11,5
DA:12,5
DA:13,5
DA:14,5
DA:16,5
DA:28,5
DA:40,5
DA:44,5
DA:45,5
DA:46,5
DA:48,5
DA:54,5
LF:19
LH:19
BRF:0
BRH:0
end_of_record
TN:
SF:src/services/users.service.ts
FN:16,(anonymous_8)
FN:20,(anonymous_9)
FN:24,(anonymous_11)
FN:36,(anonymous_13)
FN:44,(anonymous_15)
FN:57,(anonymous_17)
FN:64,(anonymous_19)
FNF:7
FNH:1
FNDA:8,(anonymous_8)
FNDA:0,(anonymous_9)
FNDA:0,(anonymous_11)
FNDA:0,(anonymous_13)
FNDA:0,(anonymous_15)
FNDA:0,(anonymous_17)
FNDA:0,(anonymous_19)
DA:1,6
DA:2,6
DA:3,6
DA:13,6
DA:17,8
DA:21,0
DA:25,0
DA:28,0
DA:31,0
DA:33,0
DA:37,0
DA:41,0
DA:45,0
DA:46,0
DA:47,0
DA:52,0
DA:54,0
DA:58,0
DA:65,0
LF:19
LH:5
BRDA:28,0,0,0
BRF:1
BRH:0
end_of_record
