TN:
SF:src/constants.ts
FNF:0
FNH:0
DA:1,2
LF:1
LH:1
BRF:0
BRH:0
end_of_record
TN:
SF:src/server.ts
FN:21,(anonymous_7)
FN:31,(anonymous_8)
FN:49,(anonymous_9)
FNF:3
FNH:2
FNDA:3,(anonymous_7)
FNDA:0,(anonymous_8)
FNDA:2,(anonymous_9)
DA:1,2
DA:2,2
DA:3,2
DA:4,2
DA:6,2
DA:7,2
DA:12,2
DA:14,2
DA:16,2
DA:18,2
DA:20,2
DA:23,3
DA:24,3
DA:25,3
DA:28,0
DA:29,0
DA:31,0
DA:33,0
DA:34,0
DA:36,0
DA:43,2
DA:44,2
DA:45,2
DA:46,2
DA:47,2
DA:49,2
DA:50,2
DA:53,2
DA:55,2
DA:56,2
DA:57,2
DA:59,2
LF:32
LH:26
BRDA:18,0,0,2
BRDA:18,0,1,2
BRDA:18,1,0,2
BRDA:18,1,1,0
BRDA:18,2,0,2
BRDA:18,2,1,2
BRDA:23,3,0,3
BRDA:28,4,0,0
BRDA:28,5,0,0
BRDA:28,5,1,0
BRDA:33,6,0,0
BRDA:33,6,1,0
BRDA:50,7,0,0
BRDA:50,7,1,2
BRF:14
BRH:7
end_of_record
TN:
SF:src/auth/index.ts
FNF:0
FNH:0
DA:1,2
DA:3,2
DA:4,2
DA:6,2
DA:7,2
LF:5
LH:5
BRF:0
BRH:0
end_of_record
TN:
SF:src/auth/strategies/jwt.strategy.ts
FN:10,(anonymous_7)
FN:10,(anonymous_8)
FNF:2
FNH:0
FNDA:0,(anonymous_7)
FNDA:0,(anonymous_8)
DA:1,3
DA:3,3
DA:5,3
DA:10,3
DA:11,0
DA:12,0
DA:14,0
DA:18,3
LF:8
LH:5
BRDA:3,0,0,3
BRDA:3,0,1,3
BRF:2
BRH:2
end_of_record
TN:
SF:src/auth/strategies/local.strategy.ts
FN:14,(anonymous_8)
FN:14,(anonymous_9)
FNF:2
FNH:0
FNDA:0,(anonymous_8)
FNDA:0,(anonymous_9)
DA:1,3
DA:2,3
DA:3,3
DA:5,3
DA:7,3
DA:9,3
DA:14,0
DA:15,0
DA:16,0
DA:17,0
DA:18,0
DA:21,0
DA:23,0
DA:25,0
DA:27,0
DA:32,3
LF:16
LH:7
BRDA:17,0,0,0
BRDA:23,1,0,0
BRF:2
BRH:0
end_of_record
TN:
SF:src/middlewares/auth.handler.ts
FN:5,checkAdminRole
FN:6,(anonymous_1)
FNF:2
FNH:2
FNDA:7,checkAdminRole
FNDA:4,(anonymous_1)
DA:1,5
DA:6,7
DA:7,4
DA:9,4
DA:10,2
DA:12,2
DA:21,5
LF:7
LH:7
BRDA:9,0,0,2
BRDA:9,0,1,2
BRF:2
BRH:2
end_of_record
TN:
SF:src/middlewares/error.handler.ts
FN:4,logErrors
FN:14,errorHandler
FN:27,boomErrorHandler
FNF:3
FNH:2
FNDA:1,logErrors
FNDA:1,errorHandler
FNDA:0,boomErrorHandler
DA:10,1
DA:11,1
DA:20,1
DA:33,0
DA:34,0
DA:35,0
DA:38,0
DA:41,3
LF:8
LH:4
BRDA:33,0,0,0
BRF:1
BRH:0
end_of_record
TN:
SF:src/middlewares/validator.handler.ts
FN:4,errorHandler
FN:5,(anonymous_1)
FNF:2
FNH:1
FNDA:12,errorHandler
FNDA:0,(anonymous_1)
DA:1,3
DA:5,12
DA:6,0
DA:7,0
DA:9,0
DA:10,0
DA:12,0
DA:13,0
DA:18,3
LF:9
LH:3
BRDA:9,0,0,0
BRDA:9,0,1,0
BRF:2
BRH:0
end_of_record
TN:
SF:src/routes/auth.router.ts
FN:14,(anonymous_9)
FN:14,(anonymous_10)
FNF:2
FNH:0
FNDA:0,(anonymous_9)
FNDA:0,(anonymous_10)
DA:2,3
DA:3,3
DA:4,3
DA:7,3
DA:9,3
DA:11,3
DA:14,0
DA:15,0
DA:16,0
DA:17,0
DA:22,0
DA:25,0
DA:27,0
DA:33,0
DA:38,3
LF:15
LH:7
BRDA:9,0,0,3
BRDA:9,0,1,3
BRF:2
BRH:2
end_of_record
TN:
SF:src/routes/index.ts
FN:6,routerApi
FNF:1
FNH:1
FNDA:2,routerApi
DA:1,2
DA:3,2
DA:4,2
DA:7,2
DA:8,2
DA:9,2
DA:10,2
DA:13,2
LF:8
LH:8
BRF:0
BRH:0
end_of_record
TN:
SF:src/routes/users.router.ts
FN:22,(anonymous_8)
FN:22,(anonymous_9)
FN:53,(anonymous_10)
FN:53,(anonymous_11)
FN:67,(anonymous_12)
FN:67,(anonymous_13)
FN:85,(anonymous_14)
FN:85,(anonymous_15)
FN:105,(anonymous_16)
FN:105,(anonymous_17)
FNF:10
FNH:0
FNDA:0,(anonymous_8)
FNDA:0,(anonymous_9)
FNDA:0,(anonymous_10)
FNDA:0,(anonymous_11)
FNDA:0,(anonymous_12)
FNDA:0,(anonymous_13)
FNDA:0,(anonymous_14)
FNDA:0,(anonymous_15)
FNDA:0,(anonymous_16)
FNDA:0,(anonymous_17)
DA:1,3
DA:2,3
DA:3,3
DA:5,3
DA:6,3
DA:7,3
DA:13,3
DA:15,3
DA:16,3
DA:18,3
DA:22,0
DA:23,0
DA:24,0
DA:25,0
DA:26,0
DA:27,0
DA:28,0
DA:29,0
DA:38,0
DA:39,0
DA:44,0
DA:49,3
DA:53,0
DA:54,0
DA:55,0
DA:56,0
DA:57,0
DA:59,0
DA:64,3
DA:67,0
DA:68,0
DA:69,0
DA:70,0
DA:71,0
DA:76,0
DA:81,3
DA:85,0
DA:86,0
DA:87,0
DA:88,0
DA:90,0
DA:91,0
DA:96,0
DA:101,3
DA:105,0
DA:106,0
DA:107,0
DA:108,0
DA:109,0
DA:114,0
DA:119,3
LF:51
LH:15
BRDA:25,0,0,0
BRDA:30,1,0,0
BRDA:30,1,1,0
BRDA:31,2,0,0
BRDA:31,2,1,0
BRDA:33,3,0,0
BRDA:33,3,1,0
BRDA:33,4,0,0
BRDA:33,4,1,0
BRDA:33,5,0,0
BRDA:33,5,1,0
BRF:11
BRH:0
end_of_record
TN:
SF:src/schemas/user.schema.ts
FNF:0
FNH:0
DA:3,3
DA:5,3
DA:6,3
DA:7,3
DA:8,3
DA:9,3
DA:10,3
DA:11,3
DA:12,3
DA:13,3
DA:14,3
DA:16,3
DA:28,3
DA:40,3
DA:44,3
DA:45,3
DA:46,3
DA:48,3
DA:54,3
LF:19
LH:19
BRF:0
BRH:0
end_of_record
TN:
SF:src/services/users.service.ts
FN:16,(anonymous_8)
FN:20,(anonymous_9)
FN:24,(anonymous_11)
FN:36,(anonymous_13)
FN:44,(anonymous_15)
FN:57,(anonymous_17)
FN:64,(anonymous_19)
FNF:7
FNH:1
FNDA:7,(anonymous_8)
FNDA:0,(anonymous_9)
FNDA:0,(anonymous_11)
FNDA:0,(anonymous_13)
FNDA:0,(anonymous_15)
FNDA:0,(anonymous_17)
FNDA:0,(anonymous_19)
DA:1,5
DA:2,5
DA:3,5
DA:13,5
DA:17,7
DA:21,0
DA:25,0
DA:28,0
DA:31,0
DA:33,0
DA:37,0
DA:41,0
DA:45,0
DA:46,0
DA:47,0
DA:52,0
DA:54,0
DA:58,0
DA:65,0
LF:19
LH:5
BRDA:28,0,0,0
BRF:1
BRH:0
end_of_record
